{
  "stats": {
    "suites": 11,
    "tests": 53,
    "passes": 35,
    "pending": 0,
    "failures": 18,
    "start": "2026-03-26T23:46:03.622Z",
    "end": "2026-03-26T23:53:40.799Z",
    "duration": 457177,
    "testsRegistered": 53,
    "passPercent": 66.0377358490566,
    "pendingPercent": 0,
    "other": 0,
    "hasOther": false,
    "skipped": 0,
    "hasSkipped": false
  },
  "results": [
    {
      "uuid": "a7810aa5-ab17-4c7b-8403-826fbbc3a1dc",
      "title": "",
      "fullFile": "E:\\Work\\Stock Monitor\\Stock-monitor\\testing\\tests\\test.spec.js",
      "file": "\\test.spec.js",
      "beforeHooks": [],
      "afterHooks": [],
      "tests": [],
      "suites": [
        {
          "uuid": "8614cacd-e862-4bbc-98aa-f861e600273d",
          "title": "FinTrack — Automated E2E Test Suite",
          "fullFile": "E:\\Work\\Stock Monitor\\Stock-monitor\\testing\\tests\\test.spec.js",
          "file": "\\test.spec.js",
          "beforeHooks": [
            {
              "title": "\"before all\" hook in \"FinTrack — Automated E2E Test Suite\"",
              "fullTitle": "FinTrack — Automated E2E Test Suite \"before all\" hook in \"FinTrack — Automated E2E Test Suite\"",
              "timedOut": false,
              "duration": 869,
              "state": null,
              "speed": null,
              "pass": false,
              "fail": false,
              "pending": false,
              "context": null,
              "code": "const options = new chrome.Options();\noptions.addArguments(\"--window-size=1440,900\");\noptions.addArguments(\"--disable-gpu\");\noptions.addArguments(\"--no-sandbox\");\noptions.addArguments(\"--disable-dev-shm-usage\");\ndriver = await new Builder()\n  .forBrowser(\"chrome\")\n  .setChromeOptions(options)\n  .build();",
              "err": {},
              "uuid": "1965675a-5640-4d9c-bfd9-4c565db27947",
              "parentUUID": "8614cacd-e862-4bbc-98aa-f861e600273d",
              "isHook": true,
              "skipped": false
            }
          ],
          "afterHooks": [
            {
              "title": "\"after all\" hook in \"FinTrack — Automated E2E Test Suite\"",
              "fullTitle": "FinTrack — Automated E2E Test Suite \"after all\" hook in \"FinTrack — Automated E2E Test Suite\"",
              "timedOut": false,
              "duration": 79,
              "state": null,
              "speed": null,
              "pass": false,
              "fail": false,
              "pending": false,
              "context": null,
              "code": "if (driver) await driver.quit();",
              "err": {},
              "uuid": "334d05c1-60c9-4dd9-b637-7baf2f200726",
              "parentUUID": "8614cacd-e862-4bbc-98aa-f861e600273d",
              "isHook": true,
              "skipped": false
            }
          ],
          "tests": [],
          "suites": [
            {
              "uuid": "bced9970-18d6-4c30-88e0-2c304dcc0283",
              "title": "1. Landing Page",
              "fullFile": "E:\\Work\\Stock Monitor\\Stock-monitor\\testing\\tests\\test.spec.js",
              "file": "\\test.spec.js",
              "beforeHooks": [],
              "afterHooks": [],
              "tests": [
                {
                  "title": "Should load landing page with hero heading",
                  "fullTitle": "FinTrack — Automated E2E Test Suite 1. Landing Page Should load landing page with hero heading",
                  "timedOut": false,
                  "duration": 2476,
                  "state": "passed",
                  "speed": "slow",
                  "pass": true,
                  "fail": false,
                  "pending": false,
                  "context": null,
                  "code": "await driver.get(BASE_URL);\nawait sleep(2000);\nconst src = await getSource(driver);\nassert(\n  src.includes(\"invest\") || src.includes(\"fintrack\") || src.includes(\"smarter\"),\n  \"Landing page should contain hero text\"\n);",
                  "err": {},
                  "uuid": "af3f0c6c-1a72-4e4f-aaa1-a57dfc8600e1",
                  "parentUUID": "bced9970-18d6-4c30-88e0-2c304dcc0283",
                  "isHook": false,
                  "skipped": false
                },
                {
                  "title": "Should show Get Started CTA button",
                  "fullTitle": "FinTrack — Automated E2E Test Suite 1. Landing Page Should show Get Started CTA button",
                  "timedOut": false,
                  "duration": 2216,
                  "state": "passed",
                  "speed": "slow",
                  "pass": true,
                  "fail": false,
                  "pending": false,
                  "context": null,
                  "code": "await driver.get(BASE_URL);\nawait sleep(2000);\nconst src = await getSource(driver);\nassert(\n  src.includes(\"get started\") || src.includes(\"started free\"),\n  \"Should have Get Started button\"\n);",
                  "err": {},
                  "uuid": "311c13a2-5442-4f64-9623-3660e675f2e3",
                  "parentUUID": "bced9970-18d6-4c30-88e0-2c304dcc0283",
                  "isHook": false,
                  "skipped": false
                },
                {
                  "title": "Should show marquee / animated banner",
                  "fullTitle": "FinTrack — Automated E2E Test Suite 1. Landing Page Should show marquee / animated banner",
                  "timedOut": false,
                  "duration": 2137,
                  "state": "passed",
                  "speed": "slow",
                  "pass": true,
                  "fail": false,
                  "pending": false,
                  "context": null,
                  "code": "await driver.get(BASE_URL);\nawait sleep(2000);\nconst src = await getSource(driver);\nassert(\n  src.includes(\"track wealth\") ||\n  src.includes(\"beat the market\") ||\n  src.includes(\"stay invested\"),\n  \"Should show animated marquee text\"\n);",
                  "err": {},
                  "uuid": "f3b10e25-591a-4f9f-bdfc-3c6b9fd10896",
                  "parentUUID": "bced9970-18d6-4c30-88e0-2c304dcc0283",
                  "isHook": false,
                  "skipped": false
                },
                {
                  "title": "Should show stats section with stock count",
                  "fullTitle": "FinTrack — Automated E2E Test Suite 1. Landing Page Should show stats section with stock count",
                  "timedOut": false,
                  "duration": 2139,
                  "state": "passed",
                  "speed": "slow",
                  "pass": true,
                  "fail": false,
                  "pending": false,
                  "context": null,
                  "code": "await driver.get(BASE_URL);\nawait sleep(2000);\nconst src = await getSource(driver);\nassert(\n  src.includes(\"50\") || src.includes(\"stocks\") || src.includes(\"currencies\"),\n  \"Should show stats section\"\n);",
                  "err": {},
                  "uuid": "5802cd2a-d9c7-4cb2-a495-1e4e11d88914",
                  "parentUUID": "bced9970-18d6-4c30-88e0-2c304dcc0283",
                  "isHook": false,
                  "skipped": false
                },
                {
                  "title": "Should navigate to login when Get Started is clicked",
                  "fullTitle": "FinTrack — Automated E2E Test Suite 1. Landing Page Should navigate to login when Get Started is clicked",
                  "timedOut": false,
                  "duration": 3714,
                  "state": "passed",
                  "speed": "slow",
                  "pass": true,
                  "fail": false,
                  "pending": false,
                  "context": null,
                  "code": "await driver.get(BASE_URL);\nawait sleep(2000);\n// Click the first CTA button\nconst btns = await driver.findElements(By.css(\"button\"));\nlet clicked = false;\nfor (const btn of btns) {\n  const txt = (await btn.getText()).toLowerCase();\n  if (txt.includes(\"get started\") || txt.includes(\"login\") || txt.includes(\"started\")) {\n    await driver.executeScript(\"arguments[0].click();\", btn);\n    clicked = true;\n    break;\n  }\n}\nawait sleep(1500);\nif (clicked) {\n  const url = await driver.getCurrentUrl();\n  assert(url.includes(\"login\") || url !== BASE_URL, \"Should navigate away from landing\");\n} else {\n  assert(true); // button may have different text\n}",
                  "err": {},
                  "uuid": "a0700169-fd26-4e4e-ad64-a001915950b1",
                  "parentUUID": "bced9970-18d6-4c30-88e0-2c304dcc0283",
                  "isHook": false,
                  "skipped": false
                }
              ],
              "suites": [],
              "passes": [
                "af3f0c6c-1a72-4e4f-aaa1-a57dfc8600e1",
                "311c13a2-5442-4f64-9623-3660e675f2e3",
                "f3b10e25-591a-4f9f-bdfc-3c6b9fd10896",
                "5802cd2a-d9c7-4cb2-a495-1e4e11d88914",
                "a0700169-fd26-4e4e-ad64-a001915950b1"
              ],
              "failures": [],
              "pending": [],
              "skipped": [],
              "duration": 12682,
              "root": false,
              "rootEmpty": false,
              "_timeout": 180000
            },
            {
              "uuid": "22fddae9-88d7-498c-9735-9b3f8021b1c3",
              "title": "2. Auth / Login Page",
              "fullFile": "E:\\Work\\Stock Monitor\\Stock-monitor\\testing\\tests\\test.spec.js",
              "file": "\\test.spec.js",
              "beforeHooks": [],
              "afterHooks": [],
              "tests": [
                {
                  "title": "Should load login page with form fields",
                  "fullTitle": "FinTrack — Automated E2E Test Suite 2. Auth / Login Page Should load login page with form fields",
                  "timedOut": false,
                  "duration": 2068,
                  "state": "passed",
                  "speed": "slow",
                  "pass": true,
                  "fail": false,
                  "pending": false,
                  "context": null,
                  "code": "await driver.get(`${BASE_URL}/login`);\nawait sleep(2000);\nconst email = await driver.findElements(By.css(\"input[type='email']\"));\nconst pass = await driver.findElements(By.css(\"input[type='password']\"));\nassert(email.length > 0, \"Email input should exist\");\nassert(pass.length > 0, \"Password input should exist\");",
                  "err": {},
                  "uuid": "2a5f003d-38db-4cd2-826a-c24cf8fe62b9",
                  "parentUUID": "22fddae9-88d7-498c-9735-9b3f8021b1c3",
                  "isHook": false,
                  "skipped": false
                },
                {
                  "title": "Should show Google Sign-In button",
                  "fullTitle": "FinTrack — Automated E2E Test Suite 2. Auth / Login Page Should show Google Sign-In button",
                  "timedOut": false,
                  "duration": 2139,
                  "state": "passed",
                  "speed": "slow",
                  "pass": true,
                  "fail": false,
                  "pending": false,
                  "context": null,
                  "code": "await driver.get(`${BASE_URL}/login`);\nawait sleep(2000);\nconst src = await getSource(driver);\nassert(\n  src.includes(\"google\") || src.includes(\"sign in with\"),\n  \"Should show Google login option\"\n);",
                  "err": {},
                  "uuid": "6b694cb5-05ad-4346-9e05-dbac955a0447",
                  "parentUUID": "22fddae9-88d7-498c-9735-9b3f8021b1c3",
                  "isHook": false,
                  "skipped": false
                },
                {
                  "title": "Should toggle between Login and Signup views",
                  "fullTitle": "FinTrack — Automated E2E Test Suite 2. Auth / Login Page Should toggle between Login and Signup views",
                  "timedOut": false,
                  "duration": 1651,
                  "state": "passed",
                  "speed": "slow",
                  "pass": true,
                  "fail": false,
                  "pending": false,
                  "context": null,
                  "code": "await driver.get(`${BASE_URL}/login`);\nawait sleep(1500);\nconst src = await getSource(driver);\nassert(\n  src.includes(\"create\") || src.includes(\"sign up\") || src.includes(\"already have\"),\n  \"Should show toggle between login/signup\"\n);",
                  "err": {},
                  "uuid": "c0c8bdb1-a2b7-462f-8285-e63e6623fb50",
                  "parentUUID": "22fddae9-88d7-498c-9735-9b3f8021b1c3",
                  "isHook": false,
                  "skipped": false
                },
                {
                  "title": "Should show error message on wrong credentials",
                  "fullTitle": "FinTrack — Automated E2E Test Suite 2. Auth / Login Page Should show error message on wrong credentials",
                  "timedOut": false,
                  "duration": 6220,
                  "state": "passed",
                  "speed": "slow",
                  "pass": true,
                  "fail": false,
                  "pending": false,
                  "context": null,
                  "code": "await driver.get(`${BASE_URL}/login`);\nawait sleep(1500);\nawait typeInto(driver, By.css(\"input[type='email']\"), \"wrong@test.com\");\nawait typeInto(driver, By.css(\"input[type='password']\"), \"wrongpass123\");\nawait clickWhen(driver, By.css(\"button[type='submit']\"));\nawait sleep(4000);\nconst src = await getSource(driver);\nassert(\n  src.includes(\"invalid\") ||\n  src.includes(\"error\") ||\n  src.includes(\"incorrect\") ||\n  src.includes(\"not found\") ||\n  src.includes(\"wrong\") ||\n  src.includes(\"failed\"),\n  \"Should show error for invalid credentials\"\n);",
                  "err": {},
                  "uuid": "96f62a93-0e3b-4f56-8b5c-10f2966267dc",
                  "parentUUID": "22fddae9-88d7-498c-9735-9b3f8021b1c3",
                  "isHook": false,
                  "skipped": false
                },
                {
                  "title": "Should login successfully with valid credentials",
                  "fullTitle": "FinTrack — Automated E2E Test Suite 2. Auth / Login Page Should login successfully with valid credentials",
                  "timedOut": false,
                  "duration": 7227,
                  "state": "failed",
                  "speed": null,
                  "pass": false,
                  "fail": true,
                  "pending": false,
                  "context": null,
                  "code": "await login(driver);\nconst url = await driver.getCurrentUrl();\nassert(\n  url.includes(\"home\") || url.includes(\"dashboard\") || url.includes(\"expense\"),\n  \"Should redirect to app after login\"\n);",
                  "err": {
                    "message": "AssertionError: Should redirect to app after login",
                    "estack": "AssertionError [ERR_ASSERTION]: Should redirect to app after login\n    at Context.<anonymous> (test.spec.js:231:7)\n    at process.processTicksAndRejections (node:internal/process/task_queues:105:5)",
                    "diff": "- false\n+ true\n"
                  },
                  "uuid": "069393c2-29b2-4e90-a4b4-fc95c3b66db4",
                  "parentUUID": "22fddae9-88d7-498c-9735-9b3f8021b1c3",
                  "isHook": false,
                  "skipped": false
                }
              ],
              "suites": [],
              "passes": [
                "2a5f003d-38db-4cd2-826a-c24cf8fe62b9",
                "6b694cb5-05ad-4346-9e05-dbac955a0447",
                "c0c8bdb1-a2b7-462f-8285-e63e6623fb50",
                "96f62a93-0e3b-4f56-8b5c-10f2966267dc"
              ],
              "failures": [
                "069393c2-29b2-4e90-a4b4-fc95c3b66db4"
              ],
              "pending": [],
              "skipped": [],
              "duration": 19305,
              "root": false,
              "rootEmpty": false,
              "_timeout": 180000
            },
            {
              "uuid": "d03cd520-1f6d-4017-9d40-5fd152112ea2",
              "title": "3. Home Page",
              "fullFile": "E:\\Work\\Stock Monitor\\Stock-monitor\\testing\\tests\\test.spec.js",
              "file": "\\test.spec.js",
              "beforeHooks": [],
              "afterHooks": [],
              "tests": [
                {
                  "title": "Should display welcome message with user name",
                  "fullTitle": "FinTrack — Automated E2E Test Suite 3. Home Page Should display welcome message with user name",
                  "timedOut": false,
                  "duration": 9453,
                  "state": "passed",
                  "speed": "slow",
                  "pass": true,
                  "fail": false,
                  "pending": false,
                  "context": null,
                  "code": "await login(driver);\nawait driver.get(`${BASE_URL}/home`);\nawait sleep(2000);\nconst src = await getSource(driver);\nassert(\n  src.includes(\"welcome\") || src.includes(\"hello\") || src.includes(\"hi,\") ||\n  src.includes(\"good\") || src.includes(\"invest\"),\n  \"Should show welcome/greeting\"\n);",
                  "err": {},
                  "uuid": "c946a758-ab44-4cc2-abd8-96a10567d87d",
                  "parentUUID": "d03cd520-1f6d-4017-9d40-5fd152112ea2",
                  "isHook": false,
                  "skipped": false
                },
                {
                  "title": "Should show Investment Tracker feature card",
                  "fullTitle": "FinTrack — Automated E2E Test Suite 3. Home Page Should show Investment Tracker feature card",
                  "timedOut": false,
                  "duration": 9402,
                  "state": "failed",
                  "speed": null,
                  "pass": false,
                  "fail": true,
                  "pending": false,
                  "context": null,
                  "code": "await login(driver);\nawait driver.get(`${BASE_URL}/home`);\nawait sleep(2000);\nconst src = await getSource(driver);\nassert(src.includes(\"investment\") || src.includes(\"tracker\"), \"Investment Tracker card should exist\");",
                  "err": {
                    "message": "AssertionError: Investment Tracker card should exist",
                    "estack": "AssertionError [ERR_ASSERTION]: Investment Tracker card should exist\n    at Context.<anonymous> (test.spec.js:259:7)\n    at process.processTicksAndRejections (node:internal/process/task_queues:105:5)",
                    "diff": "- false\n+ true\n"
                  },
                  "uuid": "105211b5-cc81-4d02-b20c-6fee27549626",
                  "parentUUID": "d03cd520-1f6d-4017-9d40-5fd152112ea2",
                  "isHook": false,
                  "skipped": false
                },
                {
                  "title": "Should show Expense Manager feature card",
                  "fullTitle": "FinTrack — Automated E2E Test Suite 3. Home Page Should show Expense Manager feature card",
                  "timedOut": false,
                  "duration": 9370,
                  "state": "passed",
                  "speed": "slow",
                  "pass": true,
                  "fail": false,
                  "pending": false,
                  "context": null,
                  "code": "await login(driver);\nawait driver.get(`${BASE_URL}/home`);\nawait sleep(2000);\nconst src = await getSource(driver);\nassert(src.includes(\"expense\") || src.includes(\"manager\"), \"Expense Manager card should exist\");",
                  "err": {},
                  "uuid": "44fbdfe5-3da7-4f4e-afb2-df4f0bb962bb",
                  "parentUUID": "d03cd520-1f6d-4017-9d40-5fd152112ea2",
                  "isHook": false,
                  "skipped": false
                },
                {
                  "title": "Should navigate to Dashboard from Investment Tracker card",
                  "fullTitle": "FinTrack — Automated E2E Test Suite 3. Home Page Should navigate to Dashboard from Investment Tracker card",
                  "timedOut": false,
                  "duration": 9445,
                  "state": "failed",
                  "speed": null,
                  "pass": false,
                  "fail": true,
                  "pending": false,
                  "context": null,
                  "code": "await login(driver);\nawait driver.get(`${BASE_URL}/home`);\nawait sleep(2000);\nconst cards = await driver.findElements(By.css(\"button, a, [role='button']\"));\nfor (const card of cards) {\n  try {\n    const txt = (await card.getText()).toLowerCase();\n    if (txt.includes(\"investment\") || txt.includes(\"tracker\") || txt.includes(\"portfolio\")) {\n      await driver.executeScript(\"arguments[0].click();\", card);\n      await sleep(2000);\n      break;\n    }\n  } catch (_) {}\n}\nconst url = await driver.getCurrentUrl();\nassert(\n  url.includes(\"dashboard\") || url.includes(\"portfolio\") || url.includes(\"market\"),\n  \"Should navigate to investment section\"\n);",
                  "err": {
                    "message": "AssertionError: Should navigate to investment section",
                    "estack": "AssertionError [ERR_ASSERTION]: Should navigate to investment section\n    at Context.<anonymous> (test.spec.js:286:7)\n    at process.processTicksAndRejections (node:internal/process/task_queues:105:5)",
                    "diff": "- false\n+ true\n"
                  },
                  "uuid": "3e21f660-c232-42f2-b777-17e5823dd053",
                  "parentUUID": "d03cd520-1f6d-4017-9d40-5fd152112ea2",
                  "isHook": false,
                  "skipped": false
                }
              ],
              "suites": [],
              "passes": [
                "c946a758-ab44-4cc2-abd8-96a10567d87d",
                "44fbdfe5-3da7-4f4e-afb2-df4f0bb962bb"
              ],
              "failures": [
                "105211b5-cc81-4d02-b20c-6fee27549626",
                "3e21f660-c232-42f2-b777-17e5823dd053"
              ],
              "pending": [],
              "skipped": [],
              "duration": 37670,
              "root": false,
              "rootEmpty": false,
              "_timeout": 180000
            },
            {
              "uuid": "4c620a7e-2ae7-4187-a3a9-204b0a9e61bf",
              "title": "4. Dashboard",
              "fullFile": "E:\\Work\\Stock Monitor\\Stock-monitor\\testing\\tests\\test.spec.js",
              "file": "\\test.spec.js",
              "beforeHooks": [],
              "afterHooks": [],
              "tests": [
                {
                  "title": "Should load dashboard page",
                  "fullTitle": "FinTrack — Automated E2E Test Suite 4. Dashboard Should load dashboard page",
                  "timedOut": false,
                  "duration": 10306,
                  "state": "passed",
                  "speed": "slow",
                  "pass": true,
                  "fail": false,
                  "pending": false,
                  "context": null,
                  "code": "await login(driver);\nawait driver.get(`${BASE_URL}/dashboard`);\nawait sleep(3000);\nconst src = await getSource(driver);\nassert(src.includes(\"dashboard\") || src.includes(\"portfolio\"), \"Dashboard should load\");",
                  "err": {},
                  "uuid": "e4769b73-e2ca-41fa-adb7-2f96d64c4577",
                  "parentUUID": "4c620a7e-2ae7-4187-a3a9-204b0a9e61bf",
                  "isHook": false,
                  "skipped": false
                },
                {
                  "title": "Should show Total Invested summary card",
                  "fullTitle": "FinTrack — Automated E2E Test Suite 4. Dashboard Should show Total Invested summary card",
                  "timedOut": false,
                  "duration": 10266,
                  "state": "passed",
                  "speed": "slow",
                  "pass": true,
                  "fail": false,
                  "pending": false,
                  "context": null,
                  "code": "await login(driver);\nawait driver.get(`${BASE_URL}/dashboard`);\nawait sleep(3000);\nconst src = await getSource(driver);\nassert(src.includes(\"invested\") || src.includes(\"total\"), \"Should show invested amount card\");",
                  "err": {},
                  "uuid": "d250ae77-bd23-46db-a7b7-e66fc91c3c51",
                  "parentUUID": "4c620a7e-2ae7-4187-a3a9-204b0a9e61bf",
                  "isHook": false,
                  "skipped": false
                },
                {
                  "title": "Should show Current Value summary card",
                  "fullTitle": "FinTrack — Automated E2E Test Suite 4. Dashboard Should show Current Value summary card",
                  "timedOut": false,
                  "duration": 10368,
                  "state": "failed",
                  "speed": null,
                  "pass": false,
                  "fail": true,
                  "pending": false,
                  "context": null,
                  "code": "await login(driver);\nawait driver.get(`${BASE_URL}/dashboard`);\nawait sleep(3000);\nconst src = await getSource(driver);\nassert(src.includes(\"current value\") || src.includes(\"value\"), \"Should show current value card\");",
                  "err": {
                    "message": "AssertionError: Should show current value card",
                    "estack": "AssertionError [ERR_ASSERTION]: Should show current value card\n    at Context.<anonymous> (test.spec.js:318:7)\n    at process.processTicksAndRejections (node:internal/process/task_queues:105:5)",
                    "diff": "- false\n+ true\n"
                  },
                  "uuid": "f4388556-8e65-48ef-80b9-66d4854c0a82",
                  "parentUUID": "4c620a7e-2ae7-4187-a3a9-204b0a9e61bf",
                  "isHook": false,
                  "skipped": false
                },
                {
                  "title": "Should show Profit/Loss summary card",
                  "fullTitle": "FinTrack — Automated E2E Test Suite 4. Dashboard Should show Profit/Loss summary card",
                  "timedOut": false,
                  "duration": 10403,
                  "state": "failed",
                  "speed": null,
                  "pass": false,
                  "fail": true,
                  "pending": false,
                  "context": null,
                  "code": "await login(driver);\nawait driver.get(`${BASE_URL}/dashboard`);\nawait sleep(3000);\nconst src = await getSource(driver);\nassert(\n  src.includes(\"profit\") || src.includes(\"loss\") || src.includes(\"p/l\"),\n  \"Should show P/L card\"\n);",
                  "err": {
                    "message": "AssertionError: Should show P/L card",
                    "estack": "AssertionError [ERR_ASSERTION]: Should show P/L card\n    at Context.<anonymous> (test.spec.js:326:7)\n    at process.processTicksAndRejections (node:internal/process/task_queues:105:5)",
                    "diff": "- false\n+ true\n"
                  },
                  "uuid": "f197635f-0866-4ada-b3fd-b407cfce1a1a",
                  "parentUUID": "4c620a7e-2ae7-4187-a3a9-204b0a9e61bf",
                  "isHook": false,
                  "skipped": false
                },
                {
                  "title": "Should show Add Investment button",
                  "fullTitle": "FinTrack — Automated E2E Test Suite 4. Dashboard Should show Add Investment button",
                  "timedOut": false,
                  "duration": 10058,
                  "state": "failed",
                  "speed": null,
                  "pass": false,
                  "fail": true,
                  "pending": false,
                  "context": null,
                  "code": "await login(driver);\nawait driver.get(`${BASE_URL}/dashboard`);\nawait sleep(2500);\nconst btns = await driver.findElements(By.css(\"button\"));\nlet found = false;\nfor (const btn of btns) {\n  try {\n    const txt = (await btn.getText()).toLowerCase();\n    if (txt.includes(\"add\") || txt.includes(\"investment\") || txt.includes(\"+\")) {\n      found = true;\n      break;\n    }\n  } catch (_) {}\n}\nassert(found, \"Add Investment button should exist\");",
                  "err": {
                    "message": "AssertionError: Add Investment button should exist",
                    "estack": "AssertionError [ERR_ASSERTION]: Add Investment button should exist\n    at Context.<anonymous> (test.spec.js:347:7)\n    at process.processTicksAndRejections (node:internal/process/task_queues:105:5)",
                    "diff": "- false\n+ true\n"
                  },
                  "uuid": "2fd8d831-1011-4976-95b3-c2abdb66fc59",
                  "parentUUID": "4c620a7e-2ae7-4187-a3a9-204b0a9e61bf",
                  "isHook": false,
                  "skipped": false
                },
                {
                  "title": "Should open Add Investment modal on button click",
                  "fullTitle": "FinTrack — Automated E2E Test Suite 4. Dashboard Should open Add Investment modal on button click",
                  "timedOut": false,
                  "duration": 11472,
                  "state": "passed",
                  "speed": "slow",
                  "pass": true,
                  "fail": false,
                  "pending": false,
                  "context": null,
                  "code": "await login(driver);\nawait driver.get(`${BASE_URL}/dashboard`);\nawait sleep(2500);\nconst btns = await driver.findElements(By.css(\"button\"));\nfor (const btn of btns) {\n  try {\n    const txt = (await btn.getText()).toLowerCase();\n    if (txt.includes(\"add\") || txt.includes(\"+\")) {\n      await driver.executeScript(\"arguments[0].click();\", btn);\n      break;\n    }\n  } catch (_) {}\n}\nawait sleep(1500);\nconst src = await getSource(driver);\nassert(\n  src.includes(\"symbol\") || src.includes(\"quantity\") || src.includes(\"buy price\"),\n  \"Add Investment modal should open with form fields\"\n);",
                  "err": {},
                  "uuid": "b1f1c3ae-e9ac-4bbe-8cbc-6326f7a15deb",
                  "parentUUID": "4c620a7e-2ae7-4187-a3a9-204b0a9e61bf",
                  "isHook": false,
                  "skipped": false
                },
                {
                  "title": "Should show Portfolio Performance chart section",
                  "fullTitle": "FinTrack — Automated E2E Test Suite 4. Dashboard Should show Portfolio Performance chart section",
                  "timedOut": false,
                  "duration": 10474,
                  "state": "passed",
                  "speed": "slow",
                  "pass": true,
                  "fail": false,
                  "pending": false,
                  "context": null,
                  "code": "await login(driver);\nawait driver.get(`${BASE_URL}/dashboard`);\nawait sleep(3000);\nconst src = await getSource(driver);\nassert(\n  src.includes(\"performance\") || src.includes(\"chart\") || src.includes(\"portfolio\"),\n  \"Should show chart section\"\n);",
                  "err": {},
                  "uuid": "0f8df167-5a82-4b4f-908e-a113698e5c79",
                  "parentUUID": "4c620a7e-2ae7-4187-a3a9-204b0a9e61bf",
                  "isHook": false,
                  "skipped": false
                },
                {
                  "title": "Should show currency selector in topbar",
                  "fullTitle": "FinTrack — Automated E2E Test Suite 4. Dashboard Should show currency selector in topbar",
                  "timedOut": false,
                  "duration": 9379,
                  "state": "passed",
                  "speed": "slow",
                  "pass": true,
                  "fail": false,
                  "pending": false,
                  "context": null,
                  "code": "await login(driver);\nawait driver.get(`${BASE_URL}/dashboard`);\nawait sleep(2000);\nconst src = await getSource(driver);\nassert(\n  src.includes(\"inr\") || src.includes(\"usd\") || src.includes(\"eur\"),\n  \"Currency selector should be visible\"\n);",
                  "err": {},
                  "uuid": "d3e249c4-8ac7-4aad-b9dc-07302d585532",
                  "parentUUID": "4c620a7e-2ae7-4187-a3a9-204b0a9e61bf",
                  "isHook": false,
                  "skipped": false
                }
              ],
              "suites": [],
              "passes": [
                "e4769b73-e2ca-41fa-adb7-2f96d64c4577",
                "d250ae77-bd23-46db-a7b7-e66fc91c3c51",
                "b1f1c3ae-e9ac-4bbe-8cbc-6326f7a15deb",
                "0f8df167-5a82-4b4f-908e-a113698e5c79",
                "d3e249c4-8ac7-4aad-b9dc-07302d585532"
              ],
              "failures": [
                "f4388556-8e65-48ef-80b9-66d4854c0a82",
                "f197635f-0866-4ada-b3fd-b407cfce1a1a",
                "2fd8d831-1011-4976-95b3-c2abdb66fc59"
              ],
              "pending": [],
              "skipped": [],
              "duration": 82726,
              "root": false,
              "rootEmpty": false,
              "_timeout": 180000
            },
            {
              "uuid": "81dfed16-e71a-4578-8aa1-8403bcacc41a",
              "title": "5. Portfolio Page",
              "fullFile": "E:\\Work\\Stock Monitor\\Stock-monitor\\testing\\tests\\test.spec.js",
              "file": "\\test.spec.js",
              "beforeHooks": [],
              "afterHooks": [],
              "tests": [
                {
                  "title": "Should load portfolio page",
                  "fullTitle": "FinTrack — Automated E2E Test Suite 5. Portfolio Page Should load portfolio page",
                  "timedOut": false,
                  "duration": 10309,
                  "state": "passed",
                  "speed": "slow",
                  "pass": true,
                  "fail": false,
                  "pending": false,
                  "context": null,
                  "code": "await login(driver);\nawait driver.get(`${BASE_URL}/portfolio`);\nawait sleep(3000);\nconst src = await getSource(driver);\nassert(src.length > 200, \"Portfolio page should load\");",
                  "err": {},
                  "uuid": "e21a1aa6-5cf8-4745-a3da-703aea83755b",
                  "parentUUID": "81dfed16-e71a-4578-8aa1-8403bcacc41a",
                  "isHook": false,
                  "skipped": false
                },
                {
                  "title": "Should show stock table with Symbol column",
                  "fullTitle": "FinTrack — Automated E2E Test Suite 5. Portfolio Page Should show stock table with Symbol column",
                  "timedOut": false,
                  "duration": 10326,
                  "state": "passed",
                  "speed": "slow",
                  "pass": true,
                  "fail": false,
                  "pending": false,
                  "context": null,
                  "code": "await login(driver);\nawait driver.get(`${BASE_URL}/portfolio`);\nawait sleep(3000);\nconst src = await getSource(driver);\nassert(\n  src.includes(\"symbol\") || src.includes(\"qty\") || src.includes(\"buy price\"),\n  \"Should show stock table headers\"\n);",
                  "err": {},
                  "uuid": "2eac6199-a617-44c5-9188-5a486112bb37",
                  "parentUUID": "81dfed16-e71a-4578-8aa1-8403bcacc41a",
                  "isHook": false,
                  "skipped": false
                },
                {
                  "title": "Should show CSV export option",
                  "fullTitle": "FinTrack — Automated E2E Test Suite 5. Portfolio Page Should show CSV export option",
                  "timedOut": false,
                  "duration": 9887,
                  "state": "failed",
                  "speed": null,
                  "pass": false,
                  "fail": true,
                  "pending": false,
                  "context": null,
                  "code": "await login(driver);\nawait driver.get(`${BASE_URL}/portfolio`);\nawait sleep(2500);\nconst src = await getSource(driver);\nassert(src.includes(\"csv\") || src.includes(\"export\"), \"Should have CSV export\");",
                  "err": {
                    "message": "AssertionError: Should have CSV export",
                    "estack": "AssertionError [ERR_ASSERTION]: Should have CSV export\n    at Context.<anonymous> (test.spec.js:423:7)\n    at process.processTicksAndRejections (node:internal/process/task_queues:105:5)",
                    "diff": "- false\n+ true\n"
                  },
                  "uuid": "bd5c0e85-4ae2-4401-9caf-83d0ec1acbe7",
                  "parentUUID": "81dfed16-e71a-4578-8aa1-8403bcacc41a",
                  "isHook": false,
                  "skipped": false
                },
                {
                  "title": "Should show PDF export option",
                  "fullTitle": "FinTrack — Automated E2E Test Suite 5. Portfolio Page Should show PDF export option",
                  "timedOut": false,
                  "duration": 9808,
                  "state": "failed",
                  "speed": null,
                  "pass": false,
                  "fail": true,
                  "pending": false,
                  "context": null,
                  "code": "await login(driver);\nawait driver.get(`${BASE_URL}/portfolio`);\nawait sleep(2500);\nconst src = await getSource(driver);\nassert(src.includes(\"pdf\") || src.includes(\"export\"), \"Should have PDF export\");",
                  "err": {
                    "message": "AssertionError: Should have PDF export",
                    "estack": "AssertionError [ERR_ASSERTION]: Should have PDF export\n    at Context.<anonymous> (test.spec.js:431:7)\n    at process.processTicksAndRejections (node:internal/process/task_queues:105:5)",
                    "diff": "- false\n+ true\n"
                  },
                  "uuid": "3fd9111d-08e1-4e85-8432-8fa73ee771b2",
                  "parentUUID": "81dfed16-e71a-4578-8aa1-8403bcacc41a",
                  "isHook": false,
                  "skipped": false
                }
              ],
              "suites": [],
              "passes": [
                "e21a1aa6-5cf8-4745-a3da-703aea83755b",
                "2eac6199-a617-44c5-9188-5a486112bb37"
              ],
              "failures": [
                "bd5c0e85-4ae2-4401-9caf-83d0ec1acbe7",
                "3fd9111d-08e1-4e85-8432-8fa73ee771b2"
              ],
              "pending": [],
              "skipped": [],
              "duration": 40330,
              "root": false,
              "rootEmpty": false,
              "_timeout": 180000
            },
            {
              "uuid": "4c1030ce-2eba-4fbe-a2e4-31ae30d8f2c5",
              "title": "6. Market Page",
              "fullFile": "E:\\Work\\Stock Monitor\\Stock-monitor\\testing\\tests\\test.spec.js",
              "file": "\\test.spec.js",
              "beforeHooks": [],
              "afterHooks": [],
              "tests": [
                {
                  "title": "Should load market page",
                  "fullTitle": "FinTrack — Automated E2E Test Suite 6. Market Page Should load market page",
                  "timedOut": false,
                  "duration": 12335,
                  "state": "passed",
                  "speed": "slow",
                  "pass": true,
                  "fail": false,
                  "pending": false,
                  "context": null,
                  "code": "await login(driver);\nawait driver.get(`${BASE_URL}/market`);\nawait sleep(5000);\nconst src = await getSource(driver);\nassert(src.length > 200, \"Market page should load\");",
                  "err": {},
                  "uuid": "7c3b8fdc-c9b2-4253-bdb8-954434d4123d",
                  "parentUUID": "4c1030ce-2eba-4fbe-a2e4-31ae30d8f2c5",
                  "isHook": false,
                  "skipped": false
                },
                {
                  "title": "Should show search input",
                  "fullTitle": "FinTrack — Automated E2E Test Suite 6. Market Page Should show search input",
                  "timedOut": false,
                  "duration": 10334,
                  "state": "failed",
                  "speed": null,
                  "pass": false,
                  "fail": true,
                  "pending": false,
                  "context": null,
                  "code": "await login(driver);\nawait driver.get(`${BASE_URL}/market`);\nawait sleep(3000);\nconst inputs = await driver.findElements(By.css(\"input\"));\nassert(inputs.length > 0, \"Search input should exist on market page\");",
                  "err": {
                    "message": "AssertionError: Search input should exist on market page",
                    "estack": "AssertionError [ERR_ASSERTION]: Search input should exist on market page\n    at Context.<anonymous> (test.spec.js:452:7)\n    at process.processTicksAndRejections (node:internal/process/task_queues:105:5)",
                    "diff": "- false\n+ true\n"
                  },
                  "uuid": "63b30af7-be65-4517-84cb-01968997c137",
                  "parentUUID": "4c1030ce-2eba-4fbe-a2e4-31ae30d8f2c5",
                  "isHook": false,
                  "skipped": false
                },
                {
                  "title": "Should show Top Stocks tab",
                  "fullTitle": "FinTrack — Automated E2E Test Suite 6. Market Page Should show Top Stocks tab",
                  "timedOut": false,
                  "duration": 10328,
                  "state": "passed",
                  "speed": "slow",
                  "pass": true,
                  "fail": false,
                  "pending": false,
                  "context": null,
                  "code": "await login(driver);\nawait driver.get(`${BASE_URL}/market`);\nawait sleep(3000);\nconst src = await getSource(driver);\nassert(\n  src.includes(\"top stocks\") || src.includes(\"stocks\"),\n  \"Should show Top Stocks tab\"\n);",
                  "err": {},
                  "uuid": "04f9c247-1711-4a82-a141-d3d4211f2939",
                  "parentUUID": "4c1030ce-2eba-4fbe-a2e4-31ae30d8f2c5",
                  "isHook": false,
                  "skipped": false
                },
                {
                  "title": "Should show Watchlist tab",
                  "fullTitle": "FinTrack — Automated E2E Test Suite 6. Market Page Should show Watchlist tab",
                  "timedOut": false,
                  "duration": 10319,
                  "state": "failed",
                  "speed": null,
                  "pass": false,
                  "fail": true,
                  "pending": false,
                  "context": null,
                  "code": "await login(driver);\nawait driver.get(`${BASE_URL}/market`);\nawait sleep(3000);\nconst src = await getSource(driver);\nassert(src.includes(\"watchlist\"), \"Should show Watchlist tab\");",
                  "err": {
                    "message": "AssertionError: Should show Watchlist tab",
                    "estack": "AssertionError [ERR_ASSERTION]: Should show Watchlist tab\n    at Context.<anonymous> (test.spec.js:471:7)\n    at process.processTicksAndRejections (node:internal/process/task_queues:105:5)",
                    "diff": "- false\n+ true\n"
                  },
                  "uuid": "1213a913-ec5f-46f6-91b7-958d7462ab80",
                  "parentUUID": "4c1030ce-2eba-4fbe-a2e4-31ae30d8f2c5",
                  "isHook": false,
                  "skipped": false
                },
                {
                  "title": "Should show sort/filter dropdown",
                  "fullTitle": "FinTrack — Automated E2E Test Suite 6. Market Page Should show sort/filter dropdown",
                  "timedOut": false,
                  "duration": 10298,
                  "state": "passed",
                  "speed": "slow",
                  "pass": true,
                  "fail": false,
                  "pending": false,
                  "context": null,
                  "code": "await login(driver);\nawait driver.get(`${BASE_URL}/market`);\nawait sleep(3000);\nconst src = await getSource(driver);\nassert(\n  src.includes(\"default\") || src.includes(\"sort\") || src.includes(\"price high\"),\n  \"Should show sort dropdown\"\n);",
                  "err": {},
                  "uuid": "0999c438-e04d-4296-bb96-d6a142189566",
                  "parentUUID": "4c1030ce-2eba-4fbe-a2e4-31ae30d8f2c5",
                  "isHook": false,
                  "skipped": false
                },
                {
                  "title": "Should filter stocks when typing in search",
                  "fullTitle": "FinTrack — Automated E2E Test Suite 6. Market Page Should filter stocks when typing in search",
                  "timedOut": false,
                  "duration": 11355,
                  "state": "passed",
                  "speed": "slow",
                  "pass": true,
                  "fail": false,
                  "pending": false,
                  "context": null,
                  "code": "await login(driver);\nawait driver.get(`${BASE_URL}/market`);\nawait sleep(4000);\nconst inputs = await driver.findElements(By.css(\"input\"));\nif (inputs.length > 0) {\n  await inputs[0].sendKeys(\"AAPL\");\n  await sleep(1500);\n  const src = await getSource(driver);\n  assert(src.includes(\"aapl\") || src.includes(\"apple\"), \"Search should filter stocks\");\n} else {\n  assert(true);\n}",
                  "err": {},
                  "uuid": "43f2566d-0d57-41f5-8208-8e512c2ebff2",
                  "parentUUID": "4c1030ce-2eba-4fbe-a2e4-31ae30d8f2c5",
                  "isHook": false,
                  "skipped": false
                }
              ],
              "suites": [],
              "passes": [
                "7c3b8fdc-c9b2-4253-bdb8-954434d4123d",
                "04f9c247-1711-4a82-a141-d3d4211f2939",
                "0999c438-e04d-4296-bb96-d6a142189566",
                "43f2566d-0d57-41f5-8208-8e512c2ebff2"
              ],
              "failures": [
                "63b30af7-be65-4517-84cb-01968997c137",
                "1213a913-ec5f-46f6-91b7-958d7462ab80"
              ],
              "pending": [],
              "skipped": [],
              "duration": 64969,
              "root": false,
              "rootEmpty": false,
              "_timeout": 180000
            },
            {
              "uuid": "19afd96d-33d8-48ca-880c-09a3ca16b24d",
              "title": "7. Expense Manager",
              "fullFile": "E:\\Work\\Stock Monitor\\Stock-monitor\\testing\\tests\\test.spec.js",
              "file": "\\test.spec.js",
              "beforeHooks": [],
              "afterHooks": [],
              "tests": [
                {
                  "title": "Should load expense page",
                  "fullTitle": "FinTrack — Automated E2E Test Suite 7. Expense Manager Should load expense page",
                  "timedOut": false,
                  "duration": 10361,
                  "state": "passed",
                  "speed": "slow",
                  "pass": true,
                  "fail": false,
                  "pending": false,
                  "context": null,
                  "code": "await login(driver);\nawait driver.get(`${BASE_URL}/expenses`);\nawait sleep(3000);\nconst src = await getSource(driver);\nassert(src.length > 200, \"Expense page should load\");",
                  "err": {},
                  "uuid": "67e03c54-c1e1-40fc-97a2-91dd029da977",
                  "parentUUID": "19afd96d-33d8-48ca-880c-09a3ca16b24d",
                  "isHook": false,
                  "skipped": false
                },
                {
                  "title": "Should show month navigator with arrows",
                  "fullTitle": "FinTrack — Automated E2E Test Suite 7. Expense Manager Should show month navigator with arrows",
                  "timedOut": false,
                  "duration": 9798,
                  "state": "passed",
                  "speed": "slow",
                  "pass": true,
                  "fail": false,
                  "pending": false,
                  "context": null,
                  "code": "await login(driver);\nawait driver.get(`${BASE_URL}/expenses`);\nawait sleep(2500);\nconst src = await getSource(driver);\nassert(\n  src.includes(\"jan\") || src.includes(\"feb\") || src.includes(\"mar\") ||\n  src.includes(\"2026\") || src.includes(\"2025\"),\n  \"Should show month navigator\"\n);",
                  "err": {},
                  "uuid": "345e21a7-8442-45d7-b73b-31e804a529f9",
                  "parentUUID": "19afd96d-33d8-48ca-880c-09a3ca16b24d",
                  "isHook": false,
                  "skipped": false
                },
                {
                  "title": "Should show salary / budget section",
                  "fullTitle": "FinTrack — Automated E2E Test Suite 7. Expense Manager Should show salary / budget section",
                  "timedOut": false,
                  "duration": 9848,
                  "state": "failed",
                  "speed": null,
                  "pass": false,
                  "fail": true,
                  "pending": false,
                  "context": null,
                  "code": "await login(driver);\nawait driver.get(`${BASE_URL}/expenses`);\nawait sleep(2500);\nconst src = await getSource(driver);\nassert(\n  src.includes(\"salary\") || src.includes(\"budget\") || src.includes(\"set salary\"),\n  \"Should show salary section\"\n);",
                  "err": {
                    "message": "AssertionError: Should show salary section",
                    "estack": "AssertionError [ERR_ASSERTION]: Should show salary section\n    at Context.<anonymous> (test.spec.js:530:7)\n    at process.processTicksAndRejections (node:internal/process/task_queues:105:5)",
                    "diff": "- false\n+ true\n"
                  },
                  "uuid": "dac9a418-4a6b-4e1c-b0e1-c4109c679b93",
                  "parentUUID": "19afd96d-33d8-48ca-880c-09a3ca16b24d",
                  "isHook": false,
                  "skipped": false
                },
                {
                  "title": "Should show Add Expense button",
                  "fullTitle": "FinTrack — Automated E2E Test Suite 7. Expense Manager Should show Add Expense button",
                  "timedOut": false,
                  "duration": 9984,
                  "state": "failed",
                  "speed": null,
                  "pass": false,
                  "fail": true,
                  "pending": false,
                  "context": null,
                  "code": "await login(driver);\nawait driver.get(`${BASE_URL}/expenses`);\nawait sleep(2500);\nconst btns = await driver.findElements(By.css(\"button\"));\nlet found = false;\nfor (const btn of btns) {\n  try {\n    const txt = (await btn.getText()).toLowerCase();\n    if (txt.includes(\"add\") || txt.includes(\"expense\") || txt.includes(\"+\")) {\n      found = true;\n      break;\n    }\n  } catch (_) {}\n}\nassert(found, \"Add Expense button should exist\");",
                  "err": {
                    "message": "AssertionError: Add Expense button should exist",
                    "estack": "AssertionError [ERR_ASSERTION]: Add Expense button should exist\n    at Context.<anonymous> (test.spec.js:551:7)\n    at process.processTicksAndRejections (node:internal/process/task_queues:105:5)",
                    "diff": "- false\n+ true\n"
                  },
                  "uuid": "95f51d26-8e67-4a2c-9347-08f6ed241d0f",
                  "parentUUID": "19afd96d-33d8-48ca-880c-09a3ca16b24d",
                  "isHook": false,
                  "skipped": false
                },
                {
                  "title": "Should open Add Expense modal",
                  "fullTitle": "FinTrack — Automated E2E Test Suite 7. Expense Manager Should open Add Expense modal",
                  "timedOut": false,
                  "duration": 11429,
                  "state": "failed",
                  "speed": null,
                  "pass": false,
                  "fail": true,
                  "pending": false,
                  "context": null,
                  "code": "await login(driver);\nawait driver.get(`${BASE_URL}/expenses`);\nawait sleep(2500);\nconst btns = await driver.findElements(By.css(\"button\"));\nfor (const btn of btns) {\n  try {\n    const txt = (await btn.getText()).toLowerCase();\n    if (txt.includes(\"add\") || txt.includes(\"+\")) {\n      await driver.executeScript(\"arguments[0].click();\", btn);\n      break;\n    }\n  } catch (_) {}\n}\nawait sleep(1500);\nconst src = await getSource(driver);\nassert(\n  src.includes(\"amount\") || src.includes(\"category\") || src.includes(\"note\"),\n  \"Add expense modal should open\"\n);",
                  "err": {
                    "message": "AssertionError: Add expense modal should open",
                    "estack": "AssertionError [ERR_ASSERTION]: Add expense modal should open\n    at Context.<anonymous> (test.spec.js:570:7)\n    at process.processTicksAndRejections (node:internal/process/task_queues:105:5)",
                    "diff": "- false\n+ true\n"
                  },
                  "uuid": "aafdbc1d-2cd0-4bb0-b5ef-b47898d1593d",
                  "parentUUID": "19afd96d-33d8-48ca-880c-09a3ca16b24d",
                  "isHook": false,
                  "skipped": false
                },
                {
                  "title": "Should show expense category breakdown / pie chart",
                  "fullTitle": "FinTrack — Automated E2E Test Suite 7. Expense Manager Should show expense category breakdown / pie chart",
                  "timedOut": false,
                  "duration": 9923,
                  "state": "failed",
                  "speed": null,
                  "pass": false,
                  "fail": true,
                  "pending": false,
                  "context": null,
                  "code": "await login(driver);\nawait driver.get(`${BASE_URL}/expenses`);\nawait sleep(2500);\nconst src = await getSource(driver);\nassert(\n  src.includes(\"food\") || src.includes(\"transport\") ||\n  src.includes(\"shopping\") || src.includes(\"category\") ||\n  src.includes(\"breakdown\"),\n  \"Should show expense categories\"\n);",
                  "err": {
                    "message": "AssertionError: Should show expense categories",
                    "estack": "AssertionError [ERR_ASSERTION]: Should show expense categories\n    at Context.<anonymous> (test.spec.js:581:7)\n    at process.processTicksAndRejections (node:internal/process/task_queues:105:5)",
                    "diff": "- false\n+ true\n"
                  },
                  "uuid": "f27d3e45-f37e-4b36-98f1-4e57271d57f3",
                  "parentUUID": "19afd96d-33d8-48ca-880c-09a3ca16b24d",
                  "isHook": false,
                  "skipped": false
                },
                {
                  "title": "Should show AI chat assistant",
                  "fullTitle": "FinTrack — Automated E2E Test Suite 7. Expense Manager Should show AI chat assistant",
                  "timedOut": false,
                  "duration": 9846,
                  "state": "passed",
                  "speed": "slow",
                  "pass": true,
                  "fail": false,
                  "pending": false,
                  "context": null,
                  "code": "await login(driver);\nawait driver.get(`${BASE_URL}/expenses`);\nawait sleep(2500);\nconst src = await getSource(driver);\nassert(\n  src.includes(\"ai\") || src.includes(\"chat\") ||\n  src.includes(\"ask\") || src.includes(\"assistant\") ||\n  src.includes(\"message\"),\n  \"Should show AI chat section\"\n);",
                  "err": {},
                  "uuid": "c2a73faa-93a2-4ce6-8620-7cbfef6272fe",
                  "parentUUID": "19afd96d-33d8-48ca-880c-09a3ca16b24d",
                  "isHook": false,
                  "skipped": false
                }
              ],
              "suites": [],
              "passes": [
                "67e03c54-c1e1-40fc-97a2-91dd029da977",
                "345e21a7-8442-45d7-b73b-31e804a529f9",
                "c2a73faa-93a2-4ce6-8620-7cbfef6272fe"
              ],
              "failures": [
                "dac9a418-4a6b-4e1c-b0e1-c4109c679b93",
                "95f51d26-8e67-4a2c-9347-08f6ed241d0f",
                "aafdbc1d-2cd0-4bb0-b5ef-b47898d1593d",
                "f27d3e45-f37e-4b36-98f1-4e57271d57f3"
              ],
              "pending": [],
              "skipped": [],
              "duration": 71189,
              "root": false,
              "rootEmpty": false,
              "_timeout": 180000
            },
            {
              "uuid": "80293327-c684-447a-813c-3f5d3ae035d2",
              "title": "8. Settings Page",
              "fullFile": "E:\\Work\\Stock Monitor\\Stock-monitor\\testing\\tests\\test.spec.js",
              "file": "\\test.spec.js",
              "beforeHooks": [],
              "afterHooks": [],
              "tests": [
                {
                  "title": "Should load settings page",
                  "fullTitle": "FinTrack — Automated E2E Test Suite 8. Settings Page Should load settings page",
                  "timedOut": false,
                  "duration": 9869,
                  "state": "passed",
                  "speed": "slow",
                  "pass": true,
                  "fail": false,
                  "pending": false,
                  "context": null,
                  "code": "await login(driver);\nawait driver.get(`${BASE_URL}/settings`);\nawait sleep(2500);\nconst src = await getSource(driver);\nassert(src.includes(\"settings\") || src.length > 200, \"Settings page should load\");",
                  "err": {},
                  "uuid": "56466f8f-637e-4b84-80e2-edff26b22145",
                  "parentUUID": "80293327-c684-447a-813c-3f5d3ae035d2",
                  "isHook": false,
                  "skipped": false
                },
                {
                  "title": "Should show Profile / Display Name section",
                  "fullTitle": "FinTrack — Automated E2E Test Suite 8. Settings Page Should show Profile / Display Name section",
                  "timedOut": false,
                  "duration": 9433,
                  "state": "passed",
                  "speed": "slow",
                  "pass": true,
                  "fail": false,
                  "pending": false,
                  "context": null,
                  "code": "await login(driver);\nawait driver.get(`${BASE_URL}/settings`);\nawait sleep(2000);\nconst src = await getSource(driver);\nassert(\n  src.includes(\"name\") || src.includes(\"profile\") || src.includes(\"display\"),\n  \"Should show display name field\"\n);",
                  "err": {},
                  "uuid": "d57b945a-acb9-45aa-8717-952650867f4a",
                  "parentUUID": "80293327-c684-447a-813c-3f5d3ae035d2",
                  "isHook": false,
                  "skipped": false
                },
                {
                  "title": "Should show Currency preference section",
                  "fullTitle": "FinTrack — Automated E2E Test Suite 8. Settings Page Should show Currency preference section",
                  "timedOut": false,
                  "duration": 9332,
                  "state": "passed",
                  "speed": "slow",
                  "pass": true,
                  "fail": false,
                  "pending": false,
                  "context": null,
                  "code": "await login(driver);\nawait driver.get(`${BASE_URL}/settings`);\nawait sleep(2000);\nconst src = await getSource(driver);\nassert(\n  src.includes(\"currency\") || src.includes(\"inr\") || src.includes(\"usd\"),\n  \"Should show currency selector\"\n);",
                  "err": {},
                  "uuid": "54f1f7e5-f3a6-4b79-93fd-d8e27bbf1032",
                  "parentUUID": "80293327-c684-447a-813c-3f5d3ae035d2",
                  "isHook": false,
                  "skipped": false
                },
                {
                  "title": "Should show Change Password section",
                  "fullTitle": "FinTrack — Automated E2E Test Suite 8. Settings Page Should show Change Password section",
                  "timedOut": false,
                  "duration": 9403,
                  "state": "failed",
                  "speed": null,
                  "pass": false,
                  "fail": true,
                  "pending": false,
                  "context": null,
                  "code": "await login(driver);\nawait driver.get(`${BASE_URL}/settings`);\nawait sleep(2000);\nconst src = await getSource(driver);\nassert(\n  src.includes(\"password\") || src.includes(\"change password\") || src.includes(\"current password\"),\n  \"Should show password section\"\n);",
                  "err": {
                    "message": "AssertionError: Should show password section",
                    "estack": "AssertionError [ERR_ASSERTION]: Should show password section\n    at Context.<anonymous> (test.spec.js:642:7)\n    at process.processTicksAndRejections (node:internal/process/task_queues:105:5)",
                    "diff": "- false\n+ true\n"
                  },
                  "uuid": "e8345554-58ab-4b46-83ed-21ca639f18be",
                  "parentUUID": "80293327-c684-447a-813c-3f5d3ae035d2",
                  "isHook": false,
                  "skipped": false
                },
                {
                  "title": "Should show Delete Account section",
                  "fullTitle": "FinTrack — Automated E2E Test Suite 8. Settings Page Should show Delete Account section",
                  "timedOut": false,
                  "duration": 9356,
                  "state": "failed",
                  "speed": null,
                  "pass": false,
                  "fail": true,
                  "pending": false,
                  "context": null,
                  "code": "await login(driver);\nawait driver.get(`${BASE_URL}/settings`);\nawait sleep(2000);\nconst src = await getSource(driver);\nassert(\n  src.includes(\"delete\") || src.includes(\"account\") || src.includes(\"danger\"),\n  \"Should show delete account section\"\n);",
                  "err": {
                    "message": "AssertionError: Should show delete account section",
                    "estack": "AssertionError [ERR_ASSERTION]: Should show delete account section\n    at Context.<anonymous> (test.spec.js:653:7)\n    at process.processTicksAndRejections (node:internal/process/task_queues:105:5)",
                    "diff": "- false\n+ true\n"
                  },
                  "uuid": "27eeb702-a04b-4e17-8567-38eacba834f8",
                  "parentUUID": "80293327-c684-447a-813c-3f5d3ae035d2",
                  "isHook": false,
                  "skipped": false
                }
              ],
              "suites": [],
              "passes": [
                "56466f8f-637e-4b84-80e2-edff26b22145",
                "d57b945a-acb9-45aa-8717-952650867f4a",
                "54f1f7e5-f3a6-4b79-93fd-d8e27bbf1032"
              ],
              "failures": [
                "e8345554-58ab-4b46-83ed-21ca639f18be",
                "27eeb702-a04b-4e17-8567-38eacba834f8"
              ],
              "pending": [],
              "skipped": [],
              "duration": 47393,
              "root": false,
              "rootEmpty": false,
              "_timeout": 180000
            },
            {
              "uuid": "7f06f02e-83df-4390-b0dc-37d681894b99",
              "title": "9. Sidebar Navigation",
              "fullFile": "E:\\Work\\Stock Monitor\\Stock-monitor\\testing\\tests\\test.spec.js",
              "file": "\\test.spec.js",
              "beforeHooks": [],
              "afterHooks": [],
              "tests": [
                {
                  "title": "Should show FinTrack branding in sidebar",
                  "fullTitle": "FinTrack — Automated E2E Test Suite 9. Sidebar Navigation Should show FinTrack branding in sidebar",
                  "timedOut": false,
                  "duration": 9860,
                  "state": "passed",
                  "speed": "slow",
                  "pass": true,
                  "fail": false,
                  "pending": false,
                  "context": null,
                  "code": "await login(driver);\nawait driver.get(`${BASE_URL}/dashboard`);\nawait sleep(2500);\nconst src = await getSource(driver);\nassert(src.includes(\"fintrack\"), \"FinTrack branding should be visible\");",
                  "err": {},
                  "uuid": "1cb536f4-fc84-45ba-a3a4-2d760790faa5",
                  "parentUUID": "7f06f02e-83df-4390-b0dc-37d681894b99",
                  "isHook": false,
                  "skipped": false
                },
                {
                  "title": "Should show Dashboard nav link",
                  "fullTitle": "FinTrack — Automated E2E Test Suite 9. Sidebar Navigation Should show Dashboard nav link",
                  "timedOut": false,
                  "duration": 9344,
                  "state": "failed",
                  "speed": null,
                  "pass": false,
                  "fail": true,
                  "pending": false,
                  "context": null,
                  "code": "await login(driver);\nawait driver.get(`${BASE_URL}/dashboard`);\nawait sleep(2000);\nconst src = await getSource(driver);\nassert(src.includes(\"dashboard\"), \"Dashboard nav item should exist\");",
                  "err": {
                    "message": "AssertionError: Dashboard nav item should exist",
                    "estack": "AssertionError [ERR_ASSERTION]: Dashboard nav item should exist\n    at Context.<anonymous> (test.spec.js:677:7)\n    at process.processTicksAndRejections (node:internal/process/task_queues:105:5)",
                    "diff": "- false\n+ true\n"
                  },
                  "uuid": "fb001271-7fb3-4738-9fff-dd57489d368b",
                  "parentUUID": "7f06f02e-83df-4390-b0dc-37d681894b99",
                  "isHook": false,
                  "skipped": false
                },
                {
                  "title": "Should show Market nav link",
                  "fullTitle": "FinTrack — Automated E2E Test Suite 9. Sidebar Navigation Should show Market nav link",
                  "timedOut": false,
                  "duration": 9242,
                  "state": "passed",
                  "speed": "slow",
                  "pass": true,
                  "fail": false,
                  "pending": false,
                  "context": null,
                  "code": "await login(driver);\nawait driver.get(`${BASE_URL}/dashboard`);\nawait sleep(2000);\nconst src = await getSource(driver);\nassert(src.includes(\"market\"), \"Market nav item should exist\");",
                  "err": {},
                  "uuid": "3905e7e3-136c-44b7-8fe0-fe07d0ab4c2c",
                  "parentUUID": "7f06f02e-83df-4390-b0dc-37d681894b99",
                  "isHook": false,
                  "skipped": false
                },
                {
                  "title": "Should show Portfolio nav link",
                  "fullTitle": "FinTrack — Automated E2E Test Suite 9. Sidebar Navigation Should show Portfolio nav link",
                  "timedOut": false,
                  "duration": 9358,
                  "state": "passed",
                  "speed": "slow",
                  "pass": true,
                  "fail": false,
                  "pending": false,
                  "context": null,
                  "code": "await login(driver);\nawait driver.get(`${BASE_URL}/dashboard`);\nawait sleep(2000);\nconst src = await getSource(driver);\nassert(src.includes(\"portfolio\"), \"Portfolio nav item should exist\");",
                  "err": {},
                  "uuid": "e9cd32df-8a43-4a33-bd26-2b349c4803ff",
                  "parentUUID": "7f06f02e-83df-4390-b0dc-37d681894b99",
                  "isHook": false,
                  "skipped": false
                },
                {
                  "title": "Should navigate to Market by clicking sidebar link",
                  "fullTitle": "FinTrack — Automated E2E Test Suite 9. Sidebar Navigation Should navigate to Market by clicking sidebar link",
                  "timedOut": false,
                  "duration": 9422,
                  "state": "passed",
                  "speed": "slow",
                  "pass": true,
                  "fail": false,
                  "pending": false,
                  "context": null,
                  "code": "await login(driver);\nawait driver.get(`${BASE_URL}/dashboard`);\nawait sleep(2000);\n// Find all anchor tags and click the one with market href\nconst links = await driver.findElements(By.css(\"a[href*='market'], a[href='/market']\"));\nif (links.length > 0) {\n  await driver.executeScript(\"arguments[0].click();\", links[0]);\n  await sleep(2000);\n  const url = await driver.getCurrentUrl();\n  assert(url.includes(\"market\"), \"Should navigate to market\");\n} else {\n  // Fallback: navigate directly\n  await driver.get(`${BASE_URL}/market`);\n  const url = await driver.getCurrentUrl();\n  assert(url.includes(\"market\"), \"Market page should be accessible\");\n}",
                  "err": {},
                  "uuid": "fd3351f1-e164-4234-82ce-17684838e5b1",
                  "parentUUID": "7f06f02e-83df-4390-b0dc-37d681894b99",
                  "isHook": false,
                  "skipped": false
                },
                {
                  "title": "Should navigate to Expenses by clicking sidebar link",
                  "fullTitle": "FinTrack — Automated E2E Test Suite 9. Sidebar Navigation Should navigate to Expenses by clicking sidebar link",
                  "timedOut": false,
                  "duration": 9500,
                  "state": "passed",
                  "speed": "slow",
                  "pass": true,
                  "fail": false,
                  "pending": false,
                  "context": null,
                  "code": "await login(driver);\nawait driver.get(`${BASE_URL}/dashboard`);\nawait sleep(2000);\nconst links = await driver.findElements(By.css(\"a[href*='expense'], a[href='/expenses']\"));\nif (links.length > 0) {\n  await driver.executeScript(\"arguments[0].click();\", links[0]);\n  await sleep(2000);\n  const url = await driver.getCurrentUrl();\n  assert(url.includes(\"expense\"), \"Should navigate to expenses\");\n} else {\n  await driver.get(`${BASE_URL}/expenses`);\n  const url = await driver.getCurrentUrl();\n  assert(url.includes(\"expense\"), \"Expenses page should be accessible\");\n}",
                  "err": {},
                  "uuid": "6ccdcb16-4a9c-4554-b941-aeab3589d22e",
                  "parentUUID": "7f06f02e-83df-4390-b0dc-37d681894b99",
                  "isHook": false,
                  "skipped": false
                }
              ],
              "suites": [],
              "passes": [
                "1cb536f4-fc84-45ba-a3a4-2d760790faa5",
                "3905e7e3-136c-44b7-8fe0-fe07d0ab4c2c",
                "e9cd32df-8a43-4a33-bd26-2b349c4803ff",
                "fd3351f1-e164-4234-82ce-17684838e5b1",
                "6ccdcb16-4a9c-4554-b941-aeab3589d22e"
              ],
              "failures": [
                "fb001271-7fb3-4738-9fff-dd57489d368b"
              ],
              "pending": [],
              "skipped": [],
              "duration": 56726,
              "root": false,
              "rootEmpty": false,
              "_timeout": 180000
            },
            {
              "uuid": "d06662ab-f241-48bd-bd28-8a783f11b8f0",
              "title": "10. Logout & Auth Guard",
              "fullFile": "E:\\Work\\Stock Monitor\\Stock-monitor\\testing\\tests\\test.spec.js",
              "file": "\\test.spec.js",
              "beforeHooks": [],
              "afterHooks": [],
              "tests": [
                {
                  "title": "Should show Logout button in sidebar or topbar",
                  "fullTitle": "FinTrack — Automated E2E Test Suite 10. Logout & Auth Guard Should show Logout button in sidebar or topbar",
                  "timedOut": false,
                  "duration": 9425,
                  "state": "failed",
                  "speed": null,
                  "pass": false,
                  "fail": true,
                  "pending": false,
                  "context": null,
                  "code": "await login(driver);\nawait driver.get(`${BASE_URL}/dashboard`);\nawait sleep(2000);\nconst src = await getSource(driver);\nassert(src.includes(\"logout\") || src.includes(\"sign out\"), \"Logout button should exist\");",
                  "err": {
                    "message": "AssertionError: Logout button should exist",
                    "estack": "AssertionError [ERR_ASSERTION]: Logout button should exist\n    at Context.<anonymous> (test.spec.js:742:7)\n    at process.processTicksAndRejections (node:internal/process/task_queues:105:5)",
                    "diff": "- false\n+ true\n"
                  },
                  "uuid": "85b90cef-b2fd-47cd-b37f-aa2e43666ee5",
                  "parentUUID": "d06662ab-f241-48bd-bd28-8a783f11b8f0",
                  "isHook": false,
                  "skipped": false
                },
                {
                  "title": "Should log out when Logout is clicked",
                  "fullTitle": "FinTrack — Automated E2E Test Suite 10. Logout & Auth Guard Should log out when Logout is clicked",
                  "timedOut": false,
                  "duration": 9522,
                  "state": "passed",
                  "speed": "slow",
                  "pass": true,
                  "fail": false,
                  "pending": false,
                  "context": null,
                  "code": "await login(driver);\nawait driver.get(`${BASE_URL}/dashboard`);\nawait sleep(2000);\nconst btns = await driver.findElements(By.css(\"button\"));\nfor (const btn of btns) {\n  try {\n    const txt = (await btn.getText()).toLowerCase();\n    if (txt.includes(\"logout\") || txt.includes(\"sign out\") || txt.includes(\"log out\")) {\n      await driver.executeScript(\"arguments[0].click();\", btn);\n      await sleep(3000);\n      break;\n    }\n  } catch (_) {}\n}\nconst url = await driver.getCurrentUrl();\nassert(\n  url.includes(\"login\") || url === BASE_URL + \"/\" || url === BASE_URL,\n  \"Should redirect to landing/login after logout\"\n);",
                  "err": {},
                  "uuid": "ab0a6241-2e23-4808-bd3e-96474c9bb9ee",
                  "parentUUID": "d06662ab-f241-48bd-bd28-8a783f11b8f0",
                  "isHook": false,
                  "skipped": false
                },
                {
                  "title": "Should redirect to login when accessing protected route unauthenticated",
                  "fullTitle": "FinTrack — Automated E2E Test Suite 10. Logout & Auth Guard Should redirect to login when accessing protected route unauthenticated",
                  "timedOut": false,
                  "duration": 4236,
                  "state": "passed",
                  "speed": "slow",
                  "pass": true,
                  "fail": false,
                  "pending": false,
                  "context": null,
                  "code": "// Clear session by going to base URL without login\nawait driver.get(BASE_URL);\nawait sleep(1000);\n// Try to directly access a protected route\nawait driver.get(`${BASE_URL}/dashboard`);\nawait sleep(3000);\nconst url = await driver.getCurrentUrl();\nassert(\n  url.includes(\"login\") || url === BASE_URL + \"/\" || url === BASE_URL,\n  \"Should redirect unauthenticated user away from dashboard\"\n);",
                  "err": {},
                  "uuid": "64dc5704-5c0a-440c-9b81-8e240943c1b9",
                  "parentUUID": "d06662ab-f241-48bd-bd28-8a783f11b8f0",
                  "isHook": false,
                  "skipped": false
                }
              ],
              "suites": [],
              "passes": [
                "ab0a6241-2e23-4808-bd3e-96474c9bb9ee",
                "64dc5704-5c0a-440c-9b81-8e240943c1b9"
              ],
              "failures": [
                "85b90cef-b2fd-47cd-b37f-aa2e43666ee5"
              ],
              "pending": [],
              "skipped": [],
              "duration": 23183,
              "root": false,
              "rootEmpty": false,
              "_timeout": 180000
            }
          ],
          "passes": [],
          "failures": [],
          "pending": [],
          "skipped": [],
          "duration": 0,
          "root": false,
          "rootEmpty": false,
          "_timeout": 180000
        }
      ],
      "passes": [],
      "failures": [],
      "pending": [],
      "skipped": [],
      "duration": 0,
      "root": true,
      "rootEmpty": true,
      "_timeout": 2000
    }
  ],
  "meta": {
    "mocha": {
      "version": "11.7.5"
    },
    "mochawesome": {
      "options": {
        "quiet": false,
        "reportFilename": "mochawesome",
        "saveHtml": true,
        "saveJson": true,
        "consoleReporter": "spec",
        "useInlineDiffs": false,
        "code": true
      },
      "version": "7.1.4"
    },
    "marge": {
      "options": null,
      "version": "6.3.2"
    }
  }
}